2026-01-09 09:30:11,987 ERROR frappe New Exception collected in error log
Site: hrms.localhost
Form Dict: {'docs': '{"docstatus":0,"doctype":"Leave Allocation","name":"new-leave-allocation-bmviugslun","__islocal":1,"__unsaved":1,"owner":"Administrator","naming_series":"HR-LAL-.YYYY.-","company":"Angels Ltd (Demo)","carry_forward":1,"expired":0,"earned_leave_schedule":[],"leave_type":"Mental Health Leave","from_date":"2026-01-09","unused_leaves":0,"total_leaves_allocated":0,"employee_name":"Paul Gakuba","department":null,"employee":"HR-EMP-00007","to_date":"2026-01-10"}', 'method': 'set_total_leaves_allocated', 'cmd': 'run_doc_method'}
2026-01-09 10:38:51,669 ERROR frappe New Exception collected in error log
Site: hrms.localhost
Form Dict: {'doc': '{"name":"HR-EXP-2026-00001","owner":"Administrator","creation":"2026-01-09 10:28:39.710043","modified":"2026-01-09 10:38:47.691265","modified_by":"Administrator","docstatus":0,"idx":0,"naming_series":"HR-EXP-.YYYY.-","employee":"HR-EMP-00008","employee_name":"Jeanine Shema","company":"Angels Ltd (Demo)","expense_approver":"Administrator","approval_status":"Approved","currency":"RWF","exchange_rate":1,"base_total_sanctioned_amount":3300,"base_total_advance_amount":0,"base_grand_total":3366,"base_total_claimed_amount":3300,"base_total_taxes_and_charges":231,"total_sanctioned_amount":3300,"total_advance_amount":0,"grand_total":3366,"total_claimed_amount":3300,"total_taxes_and_charges":66,"total_amount_reimbursed":0,"total_exchange_gain_loss":0,"posting_date":"2026-01-09","is_paid":0,"mode_of_payment":"Cash","cost_center":"Main - ALD","status":"Draft","doctype":"Expense Claim","taxes":[{"name":"mheeh3rvt1","owner":"Administrator","creation":"2026-01-09 10:28:39.710043","modified":"2026-01-09 10:38:47.691265","modified_by":"Administrator","docstatus":0,"idx":1,"account_head":"5221 - Miscellaneous Expenses - ALD","rate":2,"tax_amount":66,"base_tax_amount":66,"total":3366,"base_total":3366,"description":"5221 - Miscellaneous Expenses","cost_center":"Main - ALD","parent":"HR-EXP-2026-00001","parentfield":"taxes","parenttype":"Expense Claim","doctype":"Expense Taxes and Charges"}],"expenses":[{"name":"mhelof58he","owner":"Administrator","creation":"2026-01-09 10:28:39.710043","modified":"2026-01-09 10:38:47.691265","modified_by":"Administrator","docstatus":0,"idx":1,"expense_date":"2026-01-09","expense_type":"Meals","default_account":"1110 - Cash - ALD","amount":300,"base_amount":300,"sanctioned_amount":300,"base_sanctioned_amount":300,"cost_center":"Main - ALD","parent":"HR-EXP-2026-00001","parentfield":"expenses","parenttype":"Expense Claim","doctype":"Expense Claim Detail"},{"name":"mhe7c1avph","owner":"Administrator","creation":"2026-01-09 10:28:39.710043","modified":"2026-01-09 10:38:47.691265","modified_by":"Administrator","docstatus":0,"idx":2,"expense_date":"2026-01-09","expense_type":"Travel","default_account":"5111 - Cost of Goods Sold - ALD","amount":3000,"base_amount":3000,"sanctioned_amount":3000,"base_sanctioned_amount":3000,"cost_center":"Main - ALD","parent":"HR-EXP-2026-00001","parentfield":"expenses","parenttype":"Expense Claim","doctype":"Expense Claim Detail"}],"advances":[],"__onload":{"make_payment_via_journal_entry":0,"self_expense_approval_not_allowed":0},"payable_account":"1610 - Employee Advances - ALD","bank_or_cash_account":"1110 - Cash - ALD"}', 'action': 'Submit', 'cmd': 'frappe.desk.form.save.savedocs'}
2026-01-09 10:40:07,430 ERROR frappe New Exception collected in error log
Site: hrms.localhost
Form Dict: {'doc': '{"name":"HR-EXP-2026-00001","owner":"Administrator","creation":"2026-01-09 10:28:39.710043","modified":"2026-01-09 10:38:47.691265","modified_by":"Administrator","docstatus":0,"idx":0,"naming_series":"HR-EXP-.YYYY.-","employee":"HR-EMP-00008","employee_name":"Jeanine Shema","company":"Angels Ltd (Demo)","expense_approver":"Administrator","approval_status":"Approved","currency":"RWF","exchange_rate":1,"base_total_sanctioned_amount":3300,"base_total_advance_amount":0,"base_grand_total":3366,"base_total_claimed_amount":3300,"base_total_taxes_and_charges":231,"total_sanctioned_amount":3300,"total_advance_amount":0,"grand_total":3366,"total_claimed_amount":3300,"total_taxes_and_charges":66,"total_amount_reimbursed":0,"total_exchange_gain_loss":0,"posting_date":"2026-01-09","is_paid":0,"mode_of_payment":"Cash","cost_center":"Main - ALD","status":"Draft","doctype":"Expense Claim","taxes":[{"name":"mheeh3rvt1","owner":"Administrator","creation":"2026-01-09 10:28:39.710043","modified":"2026-01-09 10:38:47.691265","modified_by":"Administrator","docstatus":0,"idx":1,"account_head":"5221 - Miscellaneous Expenses - ALD","rate":2,"tax_amount":66,"base_tax_amount":66,"total":3366,"base_total":3366,"description":"5221 - Miscellaneous Expenses","cost_center":"Main - ALD","parent":"HR-EXP-2026-00001","parentfield":"taxes","parenttype":"Expense Claim","doctype":"Expense Taxes and Charges"}],"expenses":[{"name":"mhelof58he","owner":"Administrator","creation":"2026-01-09 10:28:39.710043","modified":"2026-01-09 10:38:47.691265","modified_by":"Administrator","docstatus":0,"idx":1,"expense_date":"2026-01-09","expense_type":"Meals","default_account":"1110 - Cash - ALD","amount":300,"base_amount":300,"sanctioned_amount":300,"base_sanctioned_amount":300,"cost_center":"Main - ALD","parent":"HR-EXP-2026-00001","parentfield":"expenses","parenttype":"Expense Claim","doctype":"Expense Claim Detail"},{"name":"mhe7c1avph","owner":"Administrator","creation":"2026-01-09 10:28:39.710043","modified":"2026-01-09 10:38:47.691265","modified_by":"Administrator","docstatus":0,"idx":2,"expense_date":"2026-01-09","expense_type":"Travel","default_account":"5111 - Cost of Goods Sold - ALD","amount":3000,"base_amount":3000,"sanctioned_amount":3000,"base_sanctioned_amount":3000,"cost_center":"Main - ALD","parent":"HR-EXP-2026-00001","parentfield":"expenses","parenttype":"Expense Claim","doctype":"Expense Claim Detail"}],"advances":[],"__onload":{"make_payment_via_journal_entry":0,"self_expense_approval_not_allowed":0},"payable_account":"1610 - Employee Advances - ALD","bank_or_cash_account":"1110 - Cash - ALD"}', 'action': 'Submit', 'cmd': 'frappe.desk.form.save.savedocs'}
2026-01-09 10:41:05,300 ERROR frappe New Exception collected in error log
Site: hrms.localhost
Form Dict: {'doc': '{"name":"HR-EXP-2026-00001","owner":"Administrator","creation":"2026-01-09 10:28:39.710043","modified":"2026-01-09 10:38:47.691265","modified_by":"Administrator","docstatus":0,"idx":0,"naming_series":"HR-EXP-.YYYY.-","employee":"HR-EMP-00008","employee_name":"Jeanine Shema","company":"Angels Ltd (Demo)","expense_approver":"Administrator","approval_status":"Approved","currency":"RWF","exchange_rate":1,"base_total_sanctioned_amount":3300,"base_total_advance_amount":0,"base_grand_total":3366,"base_total_claimed_amount":3300,"base_total_taxes_and_charges":231,"total_sanctioned_amount":3300,"total_advance_amount":0,"grand_total":3366,"total_claimed_amount":3300,"total_taxes_and_charges":66,"total_amount_reimbursed":0,"total_exchange_gain_loss":0,"posting_date":"2026-01-09","is_paid":0,"mode_of_payment":"Cash","bank_or_cash_account":"1110 - Cash - ALD","payable_account":"1610 - Employee Advances - ALD","cost_center":"Main - ALD","status":"Draft","doctype":"Expense Claim","taxes":[{"name":"mheeh3rvt1","owner":"Administrator","creation":"2026-01-09 10:28:39.710043","modified":"2026-01-09 10:38:47.691265","modified_by":"Administrator","docstatus":0,"idx":1,"account_head":"5221 - Miscellaneous Expenses - ALD","rate":2,"tax_amount":66,"base_tax_amount":66,"total":3366,"base_total":3366,"description":"5221 - Miscellaneous Expenses","cost_center":"Main - ALD","parent":"HR-EXP-2026-00001","parentfield":"taxes","parenttype":"Expense Claim","doctype":"Expense Taxes and Charges"}],"expenses":[{"name":"mhelof58he","owner":"Administrator","creation":"2026-01-09 10:28:39.710043","modified":"2026-01-09 10:38:47.691265","modified_by":"Administrator","docstatus":0,"idx":1,"expense_date":"2026-01-09","expense_type":"Meals","default_account":"1110 - Cash - ALD","amount":300,"base_amount":300,"sanctioned_amount":300,"base_sanctioned_amount":300,"cost_center":"Main - ALD","parent":"HR-EXP-2026-00001","parentfield":"expenses","parenttype":"Expense Claim","doctype":"Expense Claim Detail"},{"name":"mhe7c1avph","owner":"Administrator","creation":"2026-01-09 10:28:39.710043","modified":"2026-01-09 10:38:47.691265","modified_by":"Administrator","docstatus":0,"idx":2,"expense_date":"2026-01-09","expense_type":"Travel","default_account":"5111 - Cost of Goods Sold - ALD","amount":3000,"base_amount":3000,"sanctioned_amount":3000,"base_sanctioned_amount":3000,"cost_center":"Main - ALD","parent":"HR-EXP-2026-00001","parentfield":"expenses","parenttype":"Expense Claim","doctype":"Expense Claim Detail"}],"advances":[],"__onload":{"make_payment_via_journal_entry":0,"self_expense_approval_not_allowed":0},"__last_sync_on":"2026-01-09T08:40:59.571Z"}', 'action': 'Submit', 'cmd': 'frappe.desk.form.save.savedocs'}
2026-01-09 10:41:57,555 ERROR frappe New Exception collected in error log
Site: hrms.localhost
Form Dict: {'doc': '{"name":"HR-EXP-2026-00001","owner":"Administrator","creation":"2026-01-09 10:28:39.710043","modified":"2026-01-09 10:41:53.933456","modified_by":"Administrator","docstatus":0,"idx":0,"naming_series":"HR-EXP-.YYYY.-","employee":"HR-EMP-00008","employee_name":"Jeanine Shema","company":"Angels Ltd (Demo)","expense_approver":"Administrator","approval_status":"Approved","currency":"RWF","exchange_rate":1,"base_total_sanctioned_amount":3300,"base_total_advance_amount":0,"base_grand_total":3300,"base_total_claimed_amount":3300,"base_total_taxes_and_charges":231,"total_sanctioned_amount":3300,"total_advance_amount":0,"grand_total":3300,"total_claimed_amount":3300,"total_taxes_and_charges":0,"total_amount_reimbursed":0,"total_exchange_gain_loss":0,"posting_date":"2026-01-09","is_paid":0,"mode_of_payment":"Cash","bank_or_cash_account":"1110 - Cash - ALD","payable_account":"1610 - Employee Advances - ALD","cost_center":"Main - ALD","status":"Draft","doctype":"Expense Claim","taxes":[],"expenses":[{"name":"mhelof58he","owner":"Administrator","creation":"2026-01-09 10:28:39.710043","modified":"2026-01-09 10:41:53.933456","modified_by":"Administrator","docstatus":0,"idx":1,"expense_date":"2026-01-09","expense_type":"Meals","default_account":"1110 - Cash - ALD","amount":300,"base_amount":300,"sanctioned_amount":300,"base_sanctioned_amount":300,"cost_center":"Main - ALD","parent":"HR-EXP-2026-00001","parentfield":"expenses","parenttype":"Expense Claim","doctype":"Expense Claim Detail"},{"name":"mhe7c1avph","owner":"Administrator","creation":"2026-01-09 10:28:39.710043","modified":"2026-01-09 10:41:53.933456","modified_by":"Administrator","docstatus":0,"idx":2,"expense_date":"2026-01-09","expense_type":"Travel","default_account":"5111 - Cost of Goods Sold - ALD","amount":3000,"base_amount":3000,"sanctioned_amount":3000,"base_sanctioned_amount":3000,"cost_center":"Main - ALD","parent":"HR-EXP-2026-00001","parentfield":"expenses","parenttype":"Expense Claim","doctype":"Expense Claim Detail"}],"advances":[],"__onload":{"make_payment_via_journal_entry":0,"self_expense_approval_not_allowed":0}}', 'action': 'Submit', 'cmd': 'frappe.desk.form.save.savedocs'}
2026-01-09 10:43:29,502 ERROR frappe New Exception collected in error log
Site: hrms.localhost
Form Dict: {'doc': '{"name":"HR-EXP-2026-00002","owner":"Administrator","creation":"2026-01-09 10:43:10.186332","modified":"2026-01-09 10:43:25.418888","modified_by":"Administrator","docstatus":0,"idx":0,"naming_series":"HR-EXP-.YYYY.-","employee":"HR-EMP-00008","employee_name":"Jeanine Shema","company":"Angels Ltd (Demo)","expense_approver":"Administrator","approval_status":"Approved","currency":"RWF","exchange_rate":1,"base_total_sanctioned_amount":3300,"base_total_advance_amount":0,"base_grand_total":3300,"base_total_claimed_amount":3300,"base_total_taxes_and_charges":0,"total_sanctioned_amount":3300,"total_advance_amount":0,"grand_total":3300,"total_claimed_amount":3300,"total_taxes_and_charges":0,"total_amount_reimbursed":0,"total_exchange_gain_loss":0,"posting_date":"2026-01-09","is_paid":0,"mode_of_payment":"Cash","payable_account":"1610 - Employee Advances - ALD","cost_center":"Main - ALD","status":"Draft","doctype":"Expense Claim","taxes":[],"expenses":[{"name":"v1eub4fntn","owner":"Administrator","creation":"2026-01-09 10:43:10.186332","modified":"2026-01-09 10:43:25.418888","modified_by":"Administrator","docstatus":0,"idx":1,"expense_date":"2026-01-09","expense_type":"Meals","default_account":"1110 - Cash - ALD","amount":300,"base_amount":300,"sanctioned_amount":300,"base_sanctioned_amount":300,"cost_center":"Main - ALD","parent":"HR-EXP-2026-00002","parentfield":"expenses","parenttype":"Expense Claim","doctype":"Expense Claim Detail","__unsaved":1},{"name":"v1eh6g7q0p","owner":"Administrator","creation":"2026-01-09 10:43:10.186332","modified":"2026-01-09 10:43:25.418888","modified_by":"Administrator","docstatus":0,"idx":2,"expense_date":"2026-01-09","expense_type":"Travel","default_account":"5111 - Cost of Goods Sold - ALD","amount":3000,"base_amount":3000,"sanctioned_amount":3000,"base_sanctioned_amount":3000,"cost_center":"Main - ALD","parent":"HR-EXP-2026-00002","parentfield":"expenses","parenttype":"Expense Claim","doctype":"Expense Claim Detail","__unsaved":1}],"advances":[],"__onload":{"make_payment_via_journal_entry":0,"self_expense_approval_not_allowed":0}}', 'action': 'Submit', 'cmd': 'frappe.desk.form.save.savedocs'}
2026-01-09 15:34:47,115 ERROR frappe New Exception collected in error log
Site: hrms.localhost
Form Dict: {'chart_name': 'Hiring vs Attrition Count', 'filters': '{"time_interval":"Monthly","company":"QT Software (Demo)"}', 'refresh': '1', 'time_interval': '', 'timespan': '', 'from_date': '', 'to_date': '', 'heatmap_year': '', 'cmd': 'hrms.hr.dashboard_chart_source.hiring_vs_attrition_count.hiring_vs_attrition_count.get_data'}
2026-01-12 12:05:32,149 ERROR frappe New Exception collected in error log
Site: hrms.localhost
Form Dict: {'cmd': 'frappe.client.get'}
2026-01-12 12:07:37,109 ERROR frappe New Exception collected in error log
Site: hrms.localhost
Form Dict: {'cmd': 'frappe.client.get'}
2026-01-12 12:10:55,817 ERROR frappe New Exception collected in error log
Site: hrms.localhost
Form Dict: {'cmd': 'frappe.client.get'}
2026-01-12 12:11:32,538 ERROR frappe New Exception collected in error log
Site: hrms.localhost
Form Dict: {'cmd': 'frappe.client.get'}
2026-01-12 16:33:25,630 ERROR frappe New Exception collected in error log
Site: hrms.localhost
Form Dict: {'doc': '{"docstatus":0,"doctype":"Employee","name":"new-employee-ewepxkgays","__islocal":1,"__unsaved":1,"owner":"Administrator","naming_series":"HR-EMP-","status":"Active","create_user_permission":1,"company":"QT Software (Demo)","prefered_contact_email":"","unsubscribed":0,"current_accommodation_type":"","permanent_accommodation_type":"","salary_currency":"RWF","salary_mode":"","marital_status":"","blood_group":"","education":[],"external_work_history":[],"internal_work_history":[],"leave_encashed":"","national_id":"1234565432345677","_api_called":true,"first_name":"سوگند","last_name":"زارعی","gender":"Male","date_of_birth":"1979-02-07","date_of_retirement":"2039-02-07","date_of_joining":"2025-12-30"}', 'action': 'Save', 'cmd': 'frappe.desk.form.save.savedocs'}
2026-01-12 16:36:58,076 ERROR frappe New Exception collected in error log
Site: hrms.localhost
Form Dict: {'doc': '{"docstatus":0,"doctype":"Employee","name":"new-employee-aaaspexgyd","__islocal":1,"__unsaved":1,"owner":"Administrator","naming_series":"HR-EMP-","status":"Active","create_user_permission":1,"company":"QT Software (Demo)","prefered_contact_email":"","unsubscribed":0,"current_accommodation_type":"","permanent_accommodation_type":"","salary_currency":"RWF","salary_mode":"","marital_status":"","blood_group":"","education":[],"external_work_history":[],"internal_work_history":[],"leave_encashed":"","national_id":"2345678765432345","_api_called":true,"first_name":"Eugenio","last_name":"Vargas","gender":"Male","date_of_birth":"1979-01-31","date_of_retirement":"2039-01-31","date_of_joining":"2025-12-09"}', 'action': 'Save', 'cmd': 'frappe.desk.form.save.savedocs'}
2026-01-12 16:39:29,405 ERROR frappe New Exception collected in error log
Site: hrms.localhost
Form Dict: {'doc': '{"docstatus":0,"doctype":"Employee","name":"new-employee-hlmggnmexg","__islocal":1,"__unsaved":1,"owner":"Administrator","naming_series":"HR-EMP-","status":"Active","create_user_permission":1,"company":"QT Software (Demo)","prefered_contact_email":"Personal Email","unsubscribed":0,"current_accommodation_type":"","permanent_accommodation_type":"","salary_currency":"RWF","salary_mode":"","marital_status":"","blood_group":"","education":[],"external_work_history":[],"internal_work_history":[],"leave_encashed":"","national_id":"2345678987654323","_api_called":true,"first_name":"Emmie","last_name":"Duval","gender":"Male","date_of_birth":"2005-01-07","date_of_retirement":"2065-01-07","date_of_joining":"2025-12-31","personal_email":"stacymwesigye@gmail.com","prefered_email":"stacymwesigye@gmail.com","company_email":"stacymwesigye@gmail.com"}', 'action': 'Save', 'cmd': 'frappe.desk.form.save.savedocs'}
2026-01-13 12:07:59,421 ERROR frappe New Exception collected in error log
Site: hrms.localhost
Form Dict: {'national_id': '2345676543234567', 'cmd': 'hrms.api.fetch_random_user_name.fetch_random_user_name'}
2026-01-13 12:08:31,038 ERROR frappe New Exception collected in error log
Site: hrms.localhost
Form Dict: {'national_id': '2345676543234566', 'cmd': 'hrms.api.fetch_random_user_name.fetch_random_user_name'}
2026-01-13 12:09:03,497 ERROR frappe New Exception collected in error log
Site: hrms.localhost
Form Dict: {'national_id': '1234567898765432', 'cmd': 'hrms.api.fetch_random_user_name.fetch_random_user_name'}
2026-01-13 12:09:43,391 ERROR frappe New Exception collected in error log
Site: hrms.localhost
Form Dict: {'national_id': '2345678987654323', 'cmd': 'hrms.api.fetch_random_user_name.fetch_random_user_name'}
2026-01-13 12:10:36,372 ERROR frappe New Exception collected in error log
Site: hrms.localhost
Form Dict: {'national_id': '2345678987654323', 'cmd': 'hrms.api.fetch_random_user_name.fetch_random_user_name'}
2026-01-13 12:52:44,169 ERROR frappe New Exception collected in error log
Site: hrms.localhost
Form Dict: {'national_id': '2345676542222222', 'cmd': 'hrms.api.fetch_random_user_name.fetch_random_user_name'}
2026-01-14 12:38:51,822 ERROR frappe New Exception collected in error log
Site: hrms.localhost
Form Dict: {'name': '3gtecuifnp', 'force_send': 'true', 'cmd': 'frappe.email.doctype.email_queue.email_queue.send_now', 'pdf_generator': 'wkhtmltopdf'}
2026-01-14 12:45:20,846 ERROR frappe New Exception collected in error log
Site: hrms.localhost
Form Dict: {'name': '3gtecuifnp', 'force_send': 'true', 'cmd': 'frappe.email.doctype.email_queue.email_queue.send_now', 'pdf_generator': 'wkhtmltopdf'}
2026-01-14 12:45:39,623 ERROR frappe Error while inserting deferred Error Log record: Error Log 1i47i3e7nq: 'Title' (wkhtmltopdf reported an error:
The switch --print-media-type, is not support using unpatched qt, and will be ignored.The switch --header-html, is not support using unpatched qt, and will be ignored.The switch --footer-html, is not support using unpatched qt, and will be ignored.The switch --disable-smart-shrinking, is not support using unpatched qt, and will be ignored.Exit with code 1 due to network error: HostNotFoundError
) will get truncated, as max characters allowed is 140
Site: hrms.localhost
Form Dict: {}
2026-01-14 12:45:39,627 ERROR frappe Error while inserting deferred Error Log record: Error Log 1i4dan06de: 'Title' (wkhtmltopdf reported an error:
The switch --print-media-type, is not support using unpatched qt, and will be ignored.The switch --header-html, is not support using unpatched qt, and will be ignored.The switch --footer-html, is not support using unpatched qt, and will be ignored.The switch --disable-smart-shrinking, is not support using unpatched qt, and will be ignored.Exit with code 1 due to network error: HostNotFoundError
) will get truncated, as max characters allowed is 140
Site: hrms.localhost
Form Dict: {}
2026-01-14 12:55:53,269 ERROR frappe New Exception collected in error log
Site: hrms.localhost
Form Dict: {'name': '3gtecuifnp', 'force_send': 'true', 'cmd': 'frappe.email.doctype.email_queue.email_queue.send_now', 'pdf_generator': 'wkhtmltopdf'}
2026-01-14 12:59:29,103 ERROR frappe New Exception collected in error log
Site: hrms.localhost
Form Dict: {'name': '9bv95lefqc', 'force_send': 'true', 'cmd': 'frappe.email.doctype.email_queue.email_queue.send_now', 'pdf_generator': 'wkhtmltopdf'}
2026-01-14 13:00:48,500 ERROR frappe Error while inserting deferred Error Log record: Error Log ae4qs4tga2: 'Title' (wkhtmltopdf reported an error:
The switch --print-media-type, is not support using unpatched qt, and will be ignored.The switch --header-html, is not support using unpatched qt, and will be ignored.The switch --footer-html, is not support using unpatched qt, and will be ignored.The switch --disable-smart-shrinking, is not support using unpatched qt, and will be ignored.Exit with code 1 due to network error: HostNotFoundError
) will get truncated, as max characters allowed is 140
Site: hrms.localhost
Form Dict: {}
2026-01-14 13:00:48,503 ERROR frappe Error while inserting deferred Error Log record: Error Log ae56bh7ap6: 'Title' (wkhtmltopdf reported an error:
The switch --print-media-type, is not support using unpatched qt, and will be ignored.The switch --header-html, is not support using unpatched qt, and will be ignored.The switch --footer-html, is not support using unpatched qt, and will be ignored.The switch --disable-smart-shrinking, is not support using unpatched qt, and will be ignored.Exit with code 1 due to network error: HostNotFoundError
) will get truncated, as max characters allowed is 140
Site: hrms.localhost
Form Dict: {}
